  Address_ReadOnly.cpp
  Angry_ReadOnly.cpp
  GameObject_ReadOnly.cpp
  Material_ReadOnly.cpp
  Matrix_Composition_ReadOnly.cpp
  Matrix_ReadOnly.cpp
  Texture_ReadOnly.cpp
  Vect_ReadOnly.cpp
  0_Vect.cpp
  1_Matrix.cpp
  2_Matrix_Composite.cpp
  3_Material.cpp
  4_Angry.cpp
  5_Address.cpp
  6_GameObject.cpp
  7_Texture.cpp
  Address.cpp
  Address.pb.cc
  Angry.cpp
  Angry.pb.cc
  GameObject.cpp
  GameObject.pb.cc
  main.cpp
  Material.cpp
  Material.pb.cc
  Matrix.cpp
  Matrix.pb.cc
  Matrix_Composition.cpp
  Matrix_Composition.pb.cc
  Texture.cpp
  Texture.pb.cc
  Vect.cpp
  Vect.pb.cc
  PA1.vcxproj -> C:\Users\playd\Perforce\Real Time Software Dev II 575\jdomino_RTSDII_PA1\keenan2022fall_gam575\student\jdomino\PA1\Debug\PA1.exe
