  meshData.cpp
  meshData.pb.cc
  textureData.cpp
  textureData.pb.cc
  vboData.cpp
  vboData.pb.cc
  md5.cpp
  Anim.cpp
  AnimController.cpp
  Bone.cpp
  BoundingSphere.cpp
  Camera.cpp
  CameraDemoInput.cpp
  CameraMan.cpp
  CameraMesh.cpp
  CameraNode.cpp
  Clip.cpp
  Engine.cpp
  Game.cpp
  GameMan.cpp
  GameObject.cpp
  GameObjectAnim.cpp
  GameObjectAnimSkeleton.cpp
  GameObjectAnimSkin.cpp
  GameObjectBasic.cpp
  GameObjectBoundingSphere.cpp
  GameObjectMan.cpp
  GameObjectRigid.cpp
  GraphicsObject.cpp
  GraphicsObject_ColorByPosition.cpp
  GraphicsObject_ConstColor.cpp
  GraphicsObject_FlatTexture.cpp
  GraphicsObject_Null.cpp
  GraphicsObject_TextureLight.cpp
  GraphicsObject_Wireframe.cpp
  GraphicsObject_WireframeConstantColor.cpp
  InputMan.cpp
  InputTest.cpp
  Keyboard.cpp
  main.cpp
  Mesh.cpp
  MeshFileHdr.cpp
  MeshNode.cpp
  MeshNodeMan.cpp
  MeshNull.cpp
  Mixer.cpp
  Mouse.cpp
  ProtoMesh.cpp
  ShaderMan.cpp
  ShaderObject.cpp
  Skeleton.cpp
  StringThis.cpp
  Texture.cpp
  textureDataOpenGL.cpp
  TextureMan.cpp
  TimerController.cpp
  Verify.cpp
  Generating code
  Previous IPDB not found, fall back to full compilation.
  All 1395 functions were compiled because no usable IPDB/IOBJ from previous compilation was found.
  Finished generating code
  Engine.vcxproj -> C:\Users\playd\Perforce\Real Time Software Dev II 575\jdomino_RTSDII_PA6\keenan2022fall_gam575\student\jdomino\PA6\_Engine_\Release\EngineRelease.exe
