  Index_Test.cpp
  Model_Test.cpp
  Norm_Test.cpp
  Texture_Test.cpp
  UV_Test.cpp
  Vert_Test.cpp
  Game.cpp
  GraphicsObject_FlatTexture.cpp
  GraphicsObject_TextureLight.cpp
  ProtoMesh.cpp
  TextureMan.cpp
  Verify.cpp
  meshData.cpp
  meshData.pb.cc
  textureData.cpp
  textureData.pb.cc
  textureDataOpenGL.cpp
  vboData.cpp
  vboData.pb.cc
  Engine.vcxproj -> C:\Users\playd\Perforce\Real Time Software Dev II 575\jdomino_RTSDII_PA4\keenan2022fall_gam575\student\jdomino\PA4\_PA4_Engine\Debug\EngineDebug.exe
